{"/Users/choejun-yeong/tsReq/index.js": {"path":"/Users/choejun-yeong/tsReq/index.js","statementMap":{"0":{"start":{"line":1,"column":13},"end":{"line":1,"column":68}},"1":{"start":{"line":1,"column":95},"end":{"line":1,"column":257}},"2":{"start":{"line":1,"column":272},"end":{"line":1,"column":340}},"3":{"start":{"line":1,"column":363},"end":{"line":1,"column":398}},"4":{"start":{"line":1,"column":401},"end":{"line":1,"column":411}},"5":{"start":{"line":1,"column":412},"end":{"line":1,"column":460}},"6":{"start":{"line":1,"column":469},"end":{"line":1,"column":1090}},"7":{"start":{"line":1,"column":497},"end":{"line":1,"column":1087}},"8":{"start":{"line":1,"column":509},"end":{"line":1,"column":527}},"9":{"start":{"line":1,"column":528},"end":{"line":1,"column":579}},"10":{"start":{"line":1,"column":534},"end":{"line":1,"column":579}},"11":{"start":{"line":1,"column":587},"end":{"line":1,"column":661}},"12":{"start":{"line":1,"column":662},"end":{"line":1,"column":1072}},"13":{"start":{"line":1,"column":688},"end":{"line":1,"column":896}},"14":{"start":{"line":1,"column":692},"end":{"line":1,"column":881}},"15":{"start":{"line":1,"column":891},"end":{"line":1,"column":895}},"16":{"start":{"line":1,"column":1014},"end":{"line":1,"column":1037}},"17":{"start":{"line":1,"column":1082},"end":{"line":1,"column":1086}},"18":{"start":{"line":1,"column":1102},"end":{"line":1,"column":1166}},"19":{"start":{"line":1,"column":1181},"end":{"line":1,"column":1253}},"20":{"start":{"line":1,"column":1255},"end":{"line":1,"column":1277}}},"fnMap":{"0":{"name":"(anonymous_0)","decl":{"start":{"line":1,"column":80},"end":{"line":1,"column":81}},"loc":{"start":{"line":1,"column":94},"end":{"line":1,"column":258}},"line":1},"1":{"name":"(anonymous_1)","decl":{"start":{"line":1,"column":258},"end":{"line":1,"column":259}},"loc":{"start":{"line":1,"column":271},"end":{"line":1,"column":341}},"line":1},"2":{"name":"(anonymous_2)","decl":{"start":{"line":1,"column":341},"end":{"line":1,"column":342}},"loc":{"start":{"line":1,"column":354},"end":{"line":1,"column":461}},"line":1},"3":{"name":"(anonymous_3)","decl":{"start":{"line":1,"column":461},"end":{"line":1,"column":462}},"loc":{"start":{"line":1,"column":468},"end":{"line":1,"column":1091}},"line":1},"4":{"name":"(anonymous_4)","decl":{"start":{"line":1,"column":489},"end":{"line":1,"column":490}},"loc":{"start":{"line":1,"column":496},"end":{"line":1,"column":1088}},"line":1},"5":{"name":"(anonymous_5)","decl":{"start":{"line":1,"column":683},"end":{"line":1,"column":684}},"loc":{"start":{"line":1,"column":687},"end":{"line":1,"column":897}},"line":1},"6":{"name":"(anonymous_6)","decl":{"start":{"line":1,"column":1004},"end":{"line":1,"column":1005}},"loc":{"start":{"line":1,"column":1013},"end":{"line":1,"column":1038}},"line":1},"7":{"name":"(anonymous_7)","decl":{"start":{"line":1,"column":1091},"end":{"line":1,"column":1092}},"loc":{"start":{"line":1,"column":1101},"end":{"line":1,"column":1167}},"line":1},"8":{"name":"(anonymous_8)","decl":{"start":{"line":1,"column":1167},"end":{"line":1,"column":1168}},"loc":{"start":{"line":1,"column":1180},"end":{"line":1,"column":1254}},"line":1}},"branchMap":{"0":{"loc":{"start":{"line":1,"column":279},"end":{"line":1,"column":340}},"type":"cond-expr","locations":[{"start":{"line":1,"column":321},"end":{"line":1,"column":322}},{"start":{"line":1,"column":323},"end":{"line":1,"column":340}}],"line":1},"1":{"loc":{"start":{"line":1,"column":279},"end":{"line":1,"column":320}},"type":"binary-expr","locations":[{"start":{"line":1,"column":279},"end":{"line":1,"column":300}},{"start":{"line":1,"column":302},"end":{"line":1,"column":320}}],"line":1},"2":{"loc":{"start":{"line":1,"column":419},"end":{"line":1,"column":460}},"type":"cond-expr","locations":[{"start":{"line":1,"column":445},"end":{"line":1,"column":458}},{"start":{"line":1,"column":459},"end":{"line":1,"column":460}}],"line":1},"3":{"loc":{"start":{"line":1,"column":419},"end":{"line":1,"column":444}},"type":"binary-expr","locations":[{"start":{"line":1,"column":419},"end":{"line":1,"column":420}},{"start":{"line":1,"column":422},"end":{"line":1,"column":444}}],"line":1},"4":{"loc":{"start":{"line":1,"column":528},"end":{"line":1,"column":579}},"type":"if","locations":[{"start":{"line":1,"column":528},"end":{"line":1,"column":579}},{"start":{"line":1,"column":528},"end":{"line":1,"column":579}}],"line":1},"5":{"loc":{"start":{"line":1,"column":587},"end":{"line":1,"column":661}},"type":"cond-expr","locations":[{"start":{"line":1,"column":633},"end":{"line":1,"column":652}},{"start":{"line":1,"column":653},"end":{"line":1,"column":661}}],"line":1},"6":{"loc":{"start":{"line":1,"column":587},"end":{"line":1,"column":632}},"type":"binary-expr","locations":[{"start":{"line":1,"column":587},"end":{"line":1,"column":614}},{"start":{"line":1,"column":616},"end":{"line":1,"column":632}}],"line":1},"7":{"loc":{"start":{"line":1,"column":692},"end":{"line":1,"column":836}},"type":"binary-expr","locations":[{"start":{"line":1,"column":692},"end":{"line":1,"column":713}},{"start":{"line":1,"column":716},"end":{"line":1,"column":835}}],"line":1},"8":{"loc":{"start":{"line":1,"column":716},"end":{"line":1,"column":835}},"type":"cond-expr","locations":[{"start":{"line":1,"column":754},"end":{"line":1,"column":798}},{"start":{"line":1,"column":799},"end":{"line":1,"column":835}}],"line":1},"9":{"loc":{"start":{"line":1,"column":837},"end":{"line":1,"column":881}},"type":"binary-expr","locations":[{"start":{"line":1,"column":837},"end":{"line":1,"column":866}},{"start":{"line":1,"column":868},"end":{"line":1,"column":881}}],"line":1}},"s":{"0":1,"1":1,"2":10,"3":9,"4":9,"5":9,"6":10,"7":10,"8":10,"9":10,"10":0,"11":10,"12":10,"13":37,"14":37,"15":0,"16":31,"17":0,"18":7,"19":3,"20":1},"f":{"0":1,"1":10,"2":9,"3":10,"4":10,"5":37,"6":31,"7":7,"8":3},"b":{"0":[9,1],"1":[10,9],"2":[6,3],"3":[9,8],"4":[0,10],"5":[10,0],"6":[10,10],"7":[37,10],"8":[9,1],"9":[37,7]},"inputSourceMap":null,"_coverageSchema":"1a1c01bbd47fc00a2c39e90264f33305004495a9","hash":"f26167d4a52e713aa465e5da5e9527a03aa148fd"}
}
