TN:
SF:index.js
FN:1,(anonymous_0)
FN:1,(anonymous_1)
FN:1,(anonymous_2)
FN:1,(anonymous_3)
FN:1,(anonymous_4)
FN:1,(anonymous_5)
FN:1,(anonymous_6)
FN:1,(anonymous_7)
FN:1,(anonymous_8)
FNF:9
FNH:9
FNDA:1,(anonymous_0)
FNDA:10,(anonymous_1)
FNDA:9,(anonymous_2)
FNDA:10,(anonymous_3)
FNDA:10,(anonymous_4)
FNDA:37,(anonymous_5)
FNDA:31,(anonymous_6)
FNDA:7,(anonymous_7)
FNDA:3,(anonymous_8)
DA:1,37
LF:1
LH:1
BRDA:1,0,0,9
BRDA:1,0,1,1
BRDA:1,1,0,10
BRDA:1,1,1,9
BRDA:1,2,0,6
BRDA:1,2,1,3
BRDA:1,3,0,9
BRDA:1,3,1,8
BRDA:1,4,0,0
BRDA:1,4,1,10
BRDA:1,5,0,10
BRDA:1,5,1,0
BRDA:1,6,0,10
BRDA:1,6,1,10
BRDA:1,7,0,37
BRDA:1,7,1,10
BRDA:1,8,0,9
BRDA:1,8,1,1
BRDA:1,9,0,37
BRDA:1,9,1,7
BRF:20
BRH:18
end_of_record
